# JRE version: Java(TM) SE Runtime Environment (7.0_67-b01) (build 1.7.0_67-b01)
# Java VM: Java HotSpot(TM) 64-Bit Server VM (24.65-b04 mixed mode windows-amd64 compressed oops)
Heap
 PSYoungGen      total 71680K, used 55952K [0x00000000eaa80000, 0x00000000ef580000, 0x0000000100000000)
  eden space 66560K, 76% used [0x00000000eaa80000,0x00000000edc29828,0x00000000eeb80000)
  from space 5120K, 99% used [0x00000000ef080000,0x00000000ef57aac0,0x00000000ef580000)
  to   space 5120K, 0% used [0x00000000eeb80000,0x00000000eeb80000,0x00000000ef080000)
 ParOldGen       total 86528K, used 2148K [0x00000000c0000000, 0x00000000c5480000, 0x00000000eaa80000)
  object space 86528K, 2% used [0x00000000c0000000,0x00000000c0219088,0x00000000c5480000)
 PSPermGen       total 21504K, used 19917K [0x00000000b0000000, 0x00000000b1500000, 0x00000000c0000000)
  object space 21504K, 92% used [0x00000000b0000000,0x00000000b1373680,0x00000000b1500000)
GC Heap History (4 events):
Event: 1.404 GC heap before
{Heap before GC invocations=1 (full 0):
 PSYoungGen      total 38400K, used 33280K [0x00000000eaa80000, 0x00000000ed500000, 0x0000000100000000)
  eden space 33280K, 100% used [0x00000000eaa80000,0x00000000ecb00000,0x00000000ecb00000)
  from space 5120K, 0% used [0x00000000ed000000,0x00000000ed000000,0x00000000ed500000)
  to   space 5120K, 0% used [0x00000000ecb00000,0x00000000ecb00000,0x00000000ed000000)
 ParOldGen       total 86528K, used 0K [0x00000000c0000000, 0x00000000c5480000, 0x00000000eaa80000)
  object space 86528K, 0% used [0x00000000c0000000,0x00000000c0000000,0x00000000c5480000)
 PSPermGen       total 21504K, used 6628K [0x00000000b0000000, 0x00000000b1500000, 0x00000000c0000000)
  object space 21504K, 30% used [0x00000000b0000000,0x00000000b0679148,0x00000000b1500000)
Event: 1.532 GC heap after
Heap after GC invocations=1 (full 0):
 PSYoungGen      total 38400K, used 4376K [0x00000000eaa80000, 0x00000000ef580000, 0x0000000100000000)
  eden space 33280K, 0% used [0x00000000eaa80000,0x00000000eaa80000,0x00000000ecb00000)
  from space 5120K, 85% used [0x00000000ecb00000,0x00000000ecf460b0,0x00000000ed000000)
  to   space 5120K, 0% used [0x00000000ef080000,0x00000000ef080000,0x00000000ef580000)
 ParOldGen       total 86528K, used 8K [0x00000000c0000000, 0x00000000c5480000, 0x00000000eaa80000)
  object space 86528K, 0% used [0x00000000c0000000,0x00000000c0002000,0x00000000c5480000)
 PSPermGen       total 21504K, used 6628K [0x00000000b0000000, 0x00000000b1500000, 0x00000000c0000000)
  object space 21504K, 30% used [0x00000000b0000000,0x00000000b0679148,0x00000000b1500000)
}
Event: 3.440 GC heap before
{Heap before GC invocations=2 (full 0):
 PSYoungGen      total 38400K, used 37656K [0x00000000eaa80000, 0x00000000ef580000, 0x0000000100000000)
  eden space 33280K, 100% used [0x00000000eaa80000,0x00000000ecb00000,0x00000000ecb00000)
  from space 5120K, 85% used [0x00000000ecb00000,0x00000000ecf460b0,0x00000000ed000000)
  to   space 5120K, 0% used [0x00000000ef080000,0x00000000ef080000,0x00000000ef580000)
 ParOldGen       total 86528K, used 8K [0x00000000c0000000, 0x00000000c5480000, 0x00000000eaa80000)
  object space 86528K, 0% used [0x00000000c0000000,0x00000000c0002000,0x00000000c5480000)
 PSPermGen       total 21504K, used 14104K [0x00000000b0000000, 0x00000000b1500000, 0x00000000c0000000)
  object space 21504K, 65% used [0x00000000b0000000,0x00000000b0dc6310,0x00000000b1500000)
Event: 3.454 GC heap after
Heap after GC invocations=2 (full 0):
 PSYoungGen      total 71680K, used 5098K [0x00000000eaa80000, 0x00000000ef580000, 0x0000000100000000)
  eden space 66560K, 0% used [0x00000000eaa80000,0x00000000eaa80000,0x00000000eeb80000)
  from space 5120K, 99% used [0x00000000ef080000,0x00000000ef57aac0,0x00000000ef580000)
  to   space 5120K, 0% used [0x00000000eeb80000,0x00000000eeb80000,0x00000000ef080000)
 ParOldGen       total 86528K, used 2148K [0x00000000c0000000, 0x00000000c5480000, 0x00000000eaa80000)
  object space 86528K, 2% used [0x00000000c0000000,0x00000000c0219088,0x00000000c5480000)
 PSPermGen       total 21504K, used 14104K [0x00000000b0000000, 0x00000000b1500000, 0x00000000c0000000)
  object space 21504K, 65% used [0x00000000b0000000,0x00000000b0dc6310,0x00000000b1500000)
}

